{"/home/travis/build/kaizhu256/node-swgg-itunes-search/test.js":{"path":"/home/travis/build/kaizhu256/node-swgg-itunes-search/test.js","s":{"1":1,"2":1,"3":1,"4":1,"5":1,"6":1,"7":1,"8":1,"9":1,"10":1,"11":1,"12":1,"13":1},"b":{"1":[1,1,1],"2":[1,0],"3":[0,1],"4":[1,1]},"f":{"1":1,"2":1,"3":1,"4":1},"fnMap":{"1":{"name":"(anonymous_1)","line":13,"loc":{"start":{"line":13,"column":1},"end":{"line":13,"column":13}}},"2":{"name":"(anonymous_2)","line":20,"loc":{"start":{"line":20,"column":5},"end":{"line":20,"column":17}}},"3":{"name":"(anonymous_3)","line":24,"loc":{"start":{"line":24,"column":9},"end":{"line":24,"column":21}}},"4":{"name":"(anonymous_4)","line":47,"loc":{"start":{"line":47,"column":5},"end":{"line":47,"column":17}}}},"statementMap":{"1":{"start":{"line":13,"column":0},"end":{"line":50,"column":5}},"2":{"start":{"line":15,"column":4},"end":{"line":15,"column":14}},"3":{"start":{"line":20,"column":4},"end":{"line":42,"column":9}},"4":{"start":{"line":22,"column":8},"end":{"line":22,"column":19}},"5":{"start":{"line":24,"column":8},"end":{"line":32,"column":13}},"6":{"start":{"line":25,"column":12},"end":{"line":30,"column":13}},"7":{"start":{"line":26,"column":16},"end":{"line":28,"column":27}},"8":{"start":{"line":31,"column":12},"end":{"line":31,"column":53}},"9":{"start":{"line":34,"column":8},"end":{"line":36,"column":21}},"10":{"start":{"line":38,"column":8},"end":{"line":39,"column":68}},"11":{"start":{"line":41,"column":8},"end":{"line":41,"column":33}},"12":{"start":{"line":47,"column":4},"end":{"line":49,"column":9}},"13":{"start":{"line":48,"column":8},"end":{"line":48,"column":15}}},"branchMap":{"1":{"line":26,"type":"binary-expr","locations":[{"start":{"line":26,"column":31},"end":{"line":26,"column":72}},{"start":{"line":27,"column":20},"end":{"line":27,"column":70}},{"start":{"line":28,"column":20},"end":{"line":28,"column":26}}]},"2":{"line":31,"type":"binary-expr","locations":[{"start":{"line":31,"column":27},"end":{"line":31,"column":39}},{"start":{"line":31,"column":43},"end":{"line":31,"column":52}}]},"3":{"line":34,"type":"cond-expr","locations":[{"start":{"line":35,"column":14},"end":{"line":35,"column":20}},{"start":{"line":36,"column":14},"end":{"line":36,"column":20}}]},"4":{"line":38,"type":"binary-expr","locations":[{"start":{"line":38,"column":38},"end":{"line":38,"column":59}},{"start":{"line":39,"column":12},"end":{"line":39,"column":50}}]}},"code":["/* istanbul instrument in package swgg_itunes_search */","/* jslint-utility2 */","/*jslint","    bitwise: true,","    browser: true,","    maxerr: 4,","    maxlen: 100,","    node: true,","    nomen: true,","    regexp: true,","    stupid: true","*/","(function () {","    'use strict';","    var local;","","","","    // run shared js-env code - init-before","    (function () {","        // init local","        local = {};","        // init modeJs","        (function () {","            try {","                local.modeJs = typeof process.versions.node === 'string' &&","                    typeof require('http').createServer === 'function' &&","                    'node';","            } catch (ignore) {","            }","            local.modeJs = local.modeJs || 'browser';","        }());","        // init global","        local.global = local.modeJs === 'browser'","            ? window","            : global;","        // re-init local","        local = local.global.local = (local.global.utility2 ||","            require('./assets.utility2.rollup.js')).requireReadme();","        // init test","        local.testRunInit(local);","    }());","","","","    // run shared js-env code - function","    (function () {","        return;","    }());","}());",""],"l":{"13":1,"15":1,"20":1,"22":1,"24":1,"25":1,"26":1,"31":1,"34":1,"38":1,"41":1,"47":1,"48":1}},"/home/travis/build/kaizhu256/node-swgg-itunes-search/lib.swgg_itunes_search.js":{"path":"/home/travis/build/kaizhu256/node-swgg-itunes-search/lib.swgg_itunes_search.js","s":{"1":1,"2":1,"3":1,"4":1,"5":1,"6":1,"7":1,"8":1,"9":1,"10":0,"11":0,"12":0,"13":0,"14":0,"15":0,"16":0,"17":1,"18":1,"19":1,"20":1,"21":1,"22":1,"23":1,"24":1,"25":792,"26":1,"27":0,"28":1,"29":1,"30":1,"31":1,"32":1,"33":1,"34":1,"35":1,"36":1,"37":1,"38":1,"39":1,"40":1,"41":1,"42":1,"43":1,"44":1,"45":1,"46":1,"47":1,"48":1,"49":1,"50":1,"51":1,"52":1,"53":1,"54":1,"55":1,"56":1,"57":1,"58":1,"59":1,"60":1,"61":1,"62":1,"63":1},"b":{"1":[1,0,1],"2":[1,0],"3":[1,1,1],"4":[1,0],"5":[0,1],"6":[1,1,0,0],"7":[0,1]},"f":{"1":1,"2":1,"3":1,"4":0,"5":1,"6":792},"fnMap":{"1":{"name":"(anonymous_1)","line":13,"loc":{"start":{"line":13,"column":1},"end":{"line":13,"column":13}}},"2":{"name":"(anonymous_2)","line":21,"loc":{"start":{"line":21,"column":5},"end":{"line":21,"column":17}},"skip":true},"3":{"name":"(anonymous_3)","line":23,"loc":{"start":{"line":23,"column":9},"end":{"line":23,"column":21}},"skip":true},"4":{"name":"(anonymous_4)","line":31,"loc":{"start":{"line":31,"column":27},"end":{"line":31,"column":43}},"skip":true},"5":{"name":"(anonymous_5)","line":47,"loc":{"start":{"line":47,"column":9},"end":{"line":47,"column":21}},"skip":true},"6":{"name":"(anonymous_6)","line":65,"loc":{"start":{"line":65,"column":20},"end":{"line":65,"column":32}},"skip":true}},"statementMap":{"1":{"start":{"line":13,"column":0},"end":{"line":120,"column":5}},"2":{"start":{"line":15,"column":4},"end":{"line":15,"column":14}},"3":{"start":{"line":21,"column":4},"end":{"line":119,"column":9},"skip":true},"4":{"start":{"line":23,"column":8},"end":{"line":43,"column":13},"skip":true},"5":{"start":{"line":24,"column":12},"end":{"line":24,"column":43},"skip":true},"6":{"start":{"line":25,"column":12},"end":{"line":25,"column":71},"skip":true},"7":{"start":{"line":26,"column":12},"end":{"line":26,"column":52},"skip":true},"8":{"start":{"line":27,"column":12},"end":{"line":29,"column":13},"skip":true},"9":{"start":{"line":28,"column":16},"end":{"line":28,"column":23},"skip":true},"10":{"start":{"line":30,"column":12},"end":{"line":30,"column":41},"skip":true},"11":{"start":{"line":31,"column":12},"end":{"line":42,"column":14},"skip":true},"12":{"start":{"line":36,"column":16},"end":{"line":36,"column":61},"skip":true},"13":{"start":{"line":37,"column":16},"end":{"line":37,"column":43},"skip":true},"14":{"start":{"line":38,"column":16},"end":{"line":38,"column":55},"skip":true},"15":{"start":{"line":39,"column":16},"end":{"line":39,"column":35},"skip":true},"16":{"start":{"line":41,"column":16},"end":{"line":41,"column":28},"skip":true},"17":{"start":{"line":45,"column":8},"end":{"line":45,"column":19},"skip":true},"18":{"start":{"line":47,"column":8},"end":{"line":55,"column":13},"skip":true},"19":{"start":{"line":48,"column":12},"end":{"line":53,"column":13},"skip":true},"20":{"start":{"line":49,"column":16},"end":{"line":51,"column":27},"skip":true},"21":{"start":{"line":54,"column":12},"end":{"line":54,"column":53},"skip":true},"22":{"start":{"line":57,"column":8},"end":{"line":59,"column":21},"skip":true},"23":{"start":{"line":61,"column":8},"end":{"line":63,"column":18},"skip":true},"24":{"start":{"line":65,"column":8},"end":{"line":70,"column":10},"skip":true},"25":{"start":{"line":69,"column":12},"end":{"line":69,"column":19},"skip":true},"26":{"start":{"line":72,"column":8},"end":{"line":111,"column":9},"skip":true},"27":{"start":{"line":73,"column":12},"end":{"line":73,"column":61},"skip":true},"28":{"start":{"line":77,"column":12},"end":{"line":77,"column":45},"skip":true},"29":{"start":{"line":78,"column":12},"end":{"line":78,"column":59},"skip":true},"30":{"start":{"line":79,"column":12},"end":{"line":79,"column":47},"skip":true},"31":{"start":{"line":80,"column":12},"end":{"line":80,"column":47},"skip":true},"32":{"start":{"line":81,"column":12},"end":{"line":81,"column":51},"skip":true},"33":{"start":{"line":82,"column":12},"end":{"line":82,"column":45},"skip":true},"34":{"start":{"line":83,"column":12},"end":{"line":83,"column":43},"skip":true},"35":{"start":{"line":84,"column":12},"end":{"line":84,"column":39},"skip":true},"36":{"start":{"line":85,"column":12},"end":{"line":85,"column":45},"skip":true},"37":{"start":{"line":86,"column":12},"end":{"line":86,"column":45},"skip":true},"38":{"start":{"line":87,"column":12},"end":{"line":87,"column":37},"skip":true},"39":{"start":{"line":88,"column":12},"end":{"line":88,"column":41},"skip":true},"40":{"start":{"line":89,"column":12},"end":{"line":89,"column":43},"skip":true},"41":{"start":{"line":90,"column":12},"end":{"line":90,"column":45},"skip":true},"42":{"start":{"line":91,"column":12},"end":{"line":91,"column":39},"skip":true},"43":{"start":{"line":92,"column":12},"end":{"line":92,"column":37},"skip":true},"44":{"start":{"line":93,"column":12},"end":{"line":93,"column":41},"skip":true},"45":{"start":{"line":94,"column":12},"end":{"line":94,"column":47},"skip":true},"46":{"start":{"line":95,"column":12},"end":{"line":95,"column":49},"skip":true},"47":{"start":{"line":96,"column":12},"end":{"line":96,"column":55},"skip":true},"48":{"start":{"line":97,"column":12},"end":{"line":97,"column":49},"skip":true},"49":{"start":{"line":98,"column":12},"end":{"line":98,"column":41},"skip":true},"50":{"start":{"line":99,"column":12},"end":{"line":99,"column":45},"skip":true},"51":{"start":{"line":100,"column":12},"end":{"line":100,"column":61},"skip":true},"52":{"start":{"line":101,"column":12},"end":{"line":101,"column":45},"skip":true},"53":{"start":{"line":102,"column":12},"end":{"line":102,"column":39},"skip":true},"54":{"start":{"line":103,"column":12},"end":{"line":103,"column":39},"skip":true},"55":{"start":{"line":104,"column":12},"end":{"line":104,"column":39},"skip":true},"56":{"start":{"line":105,"column":12},"end":{"line":105,"column":41},"skip":true},"57":{"start":{"line":106,"column":12},"end":{"line":106,"column":37},"skip":true},"58":{"start":{"line":107,"column":12},"end":{"line":107,"column":37},"skip":true},"59":{"start":{"line":108,"column":12},"end":{"line":108,"column":41},"skip":true},"60":{"start":{"line":109,"column":12},"end":{"line":109,"column":35},"skip":true},"61":{"start":{"line":110,"column":12},"end":{"line":110,"column":49},"skip":true},"62":{"start":{"line":113,"column":8},"end":{"line":113,"column":55},"skip":true},"63":{"start":{"line":118,"column":8},"end":{"line":118,"column":15},"skip":true}},"branchMap":{"1":{"line":25,"type":"binary-expr","locations":[{"start":{"line":25,"column":23},"end":{"line":25,"column":49},"skip":true},{"start":{"line":25,"column":53},"end":{"line":25,"column":59},"skip":true},{"start":{"line":25,"column":64},"end":{"line":25,"column":70},"skip":true}]},"2":{"line":27,"type":"if","locations":[{"start":{"line":27,"column":12},"end":{"line":27,"column":12},"skip":true},{"start":{"line":27,"column":12},"end":{"line":27,"column":12},"skip":true}]},"3":{"line":49,"type":"binary-expr","locations":[{"start":{"line":49,"column":31},"end":{"line":49,"column":72},"skip":true},{"start":{"line":50,"column":20},"end":{"line":50,"column":70},"skip":true},{"start":{"line":51,"column":20},"end":{"line":51,"column":26},"skip":true}]},"4":{"line":54,"type":"binary-expr","locations":[{"start":{"line":54,"column":27},"end":{"line":54,"column":39},"skip":true},{"start":{"line":54,"column":43},"end":{"line":54,"column":52},"skip":true}]},"5":{"line":57,"type":"cond-expr","locations":[{"start":{"line":58,"column":14},"end":{"line":58,"column":20},"skip":true},{"start":{"line":59,"column":14},"end":{"line":59,"column":20},"skip":true}]},"6":{"line":61,"type":"binary-expr","locations":[{"start":{"line":61,"column":16},"end":{"line":61,"column":44},"skip":true},{"start":{"line":62,"column":12},"end":{"line":62,"column":44},"skip":true},{"start":{"line":62,"column":48},"end":{"line":62,"column":86},"skip":true},{"start":{"line":63,"column":12},"end":{"line":63,"column":17},"skip":true}]},"7":{"line":72,"type":"if","locations":[{"start":{"line":72,"column":8},"end":{"line":72,"column":8},"skip":true},{"start":{"line":72,"column":8},"end":{"line":72,"column":8},"skip":true}]}},"code":["/* istanbul instrument in package swgg_itunes_search */","/* jslint-utility2 */","/*jslint","    bitwise: true,","    browser: true,","    maxerr: 4,","    maxlen: 100,","    node: true,","    nomen: true,","    regexp: true,","    stupid: true","*/","(function () {","    'use strict';","    var local;","","","","    // run shared js-env code - init-before","    /* istanbul ignore next */","    (function () {","        // init debug_inline","        (function () {","            var consoleError, context, key;","            context = (typeof window === \"object\" && window) || global;","            key = \"debug_inline\".replace(\"_i\", \"I\");","            if (context[key]) {","                return;","            }","            consoleError = console.error;","            context[key] = function (arg0) {","            /*","             * this function will both print arg0 to stderr and return it","             */","                // debug arguments","                context[\"_\" + key + \"Arguments\"] = arguments;","                consoleError(\"\\n\\n\" + key);","                consoleError.apply(console, arguments);","                consoleError(\"\\n\");","                // return arg0 for inspection","                return arg0;","            };","        }());","        // init local","        local = {};","        // init modeJs","        (function () {","            try {","                local.modeJs = typeof process.versions.node === 'string' &&","                    typeof require('http').createServer === 'function' &&","                    'node';","            } catch (ignore) {","            }","            local.modeJs = local.modeJs || 'browser';","        }());","        // init global","        local.global = local.modeJs === 'browser'","            ? window","            : global;","        // re-init local","        local = local.global.utility2_rollup ||","            local.global.utility2_rollup_old || require('./assets.utility2.rollup.js') ||","            local;","        // init nop","        local.nop = function () {","        /*","         * this function will do nothing","         */","            return;","        };","        // init exports","        if (local.modeJs === 'browser') {","            local.global.utility2_swgg_itunes_search = local;","        } else {","            // require builtins","            // local.assert = require('assert');","            local.buffer = require('buffer');","            local.child_process = require('child_process');","            local.cluster = require('cluster');","            local.console = require('console');","            local.constants = require('constants');","            local.crypto = require('crypto');","            local.dgram = require('dgram');","            local.dns = require('dns');","            local.domain = require('domain');","            local.events = require('events');","            local.fs = require('fs');","            local.http = require('http');","            local.https = require('https');","            local.module = require('module');","            local.net = require('net');","            local.os = require('os');","            local.path = require('path');","            local.process = require('process');","            local.punycode = require('punycode');","            local.querystring = require('querystring');","            local.readline = require('readline');","            local.repl = require('repl');","            local.stream = require('stream');","            local.string_decoder = require('string_decoder');","            local.timers = require('timers');","            local.tls = require('tls');","            local.tty = require('tty');","            local.url = require('url');","            local.util = require('util');","            local.v8 = require('v8');","            local.vm = require('vm');","            local.zlib = require('zlib');","            module.exports = local;","            module.exports.__dirname = __dirname;","        }","        // init lib main","        local.local = local.swgg_itunes_search = local;","","","","        /* validateLineSortedReset */","        return;","    }());","}());",""],"l":{"13":1,"15":1,"21":1,"23":1,"24":1,"25":1,"26":1,"27":1,"28":1,"30":1,"31":1,"36":1,"37":1,"38":1,"39":1,"41":1,"45":1,"47":1,"48":1,"49":1,"54":1,"57":1,"61":1,"65":1,"69":792,"72":1,"73":1,"77":1,"78":1,"79":1,"80":1,"81":1,"82":1,"83":1,"84":1,"85":1,"86":1,"87":1,"88":1,"89":1,"90":1,"91":1,"92":1,"93":1,"94":1,"95":1,"96":1,"97":1,"98":1,"99":1,"100":1,"101":1,"102":1,"103":1,"104":1,"105":1,"106":1,"107":1,"108":1,"109":1,"110":1,"113":1,"118":1}},"/home/travis/build/kaizhu256/node-swgg-itunes-search/example.js":{"path":"/home/travis/build/kaizhu256/node-swgg-itunes-search/example.js","s":{"1":1,"2":1,"3":1,"4":1,"5":1,"6":1,"7":1,"8":1,"9":1,"10":1,"11":1,"12":1,"13":1,"14":0,"15":1,"16":1,"17":1,"18":1,"19":1,"20":1,"21":1,"22":1,"23":1,"24":1,"25":1,"26":1,"27":1,"28":1,"29":1,"30":1,"31":1,"32":1,"33":1,"34":1,"35":1,"36":1,"37":1,"38":1,"39":1,"40":1,"41":1,"42":1,"43":1,"44":1,"45":1,"46":1,"47":1,"48":1,"49":1,"50":3,"51":3,"52":3,"53":1,"54":1,"55":1,"56":0,"57":0,"58":0,"59":0,"60":0,"61":0,"62":1,"63":1,"64":0,"65":0,"66":0,"67":0,"68":0,"69":0,"70":0,"71":0,"72":0,"73":0,"74":0,"75":0,"76":0,"77":0,"78":0,"79":0},"b":{"1":[1,1,1],"2":[1,0],"3":[0,1],"4":[1,1],"5":[0,1],"6":[0,1],"7":[1,0],"8":[3,0],"9":[1,2],"10":[1,1],"11":[0,0,0,0,0],"12":[1,0],"13":[1,0],"14":[0,0],"15":[0,0],"16":[0,0],"17":[0,0],"18":[0,0],"19":[0,0]},"f":{"1":1,"2":1,"3":1,"4":3,"5":0,"6":0},"fnMap":{"1":{"name":"(anonymous_1)","line":125,"loc":{"start":{"line":125,"column":1},"end":{"line":125,"column":13}}},"2":{"name":"(anonymous_2)","line":132,"loc":{"start":{"line":132,"column":5},"end":{"line":132,"column":17}}},"3":{"name":"(anonymous_3)","line":136,"loc":{"start":{"line":136,"column":9},"end":{"line":136,"column":21}}},"4":{"name":"(anonymous_4)","line":215,"loc":{"start":{"line":215,"column":18},"end":{"line":215,"column":34}},"skip":true},"5":{"name":"(anonymous_5)","line":237,"loc":{"start":{"line":237,"column":47},"end":{"line":237,"column":73}},"skip":true},"6":{"name":"(anonymous_6)","line":270,"loc":{"start":{"line":270,"column":32},"end":{"line":270,"column":61}},"skip":true}},"statementMap":{"1":{"start":{"line":125,"column":0},"end":{"line":281,"column":5}},"2":{"start":{"line":127,"column":4},"end":{"line":127,"column":14}},"3":{"start":{"line":132,"column":4},"end":{"line":157,"column":9}},"4":{"start":{"line":134,"column":8},"end":{"line":134,"column":19}},"5":{"start":{"line":136,"column":8},"end":{"line":144,"column":13}},"6":{"start":{"line":137,"column":12},"end":{"line":142,"column":13}},"7":{"start":{"line":138,"column":16},"end":{"line":140,"column":27}},"8":{"start":{"line":143,"column":12},"end":{"line":143,"column":53}},"9":{"start":{"line":146,"column":8},"end":{"line":148,"column":21}},"10":{"start":{"line":150,"column":8},"end":{"line":152,"column":45}},"11":{"start":{"line":154,"column":8},"end":{"line":154,"column":35}},"12":{"start":{"line":156,"column":8},"end":{"line":156,"column":96}},"13":{"start":{"line":158,"column":4},"end":{"line":280,"column":5}},"14":{"start":{"line":165,"column":8},"end":{"line":165,"column":14},"skip":true},"15":{"start":{"line":173,"column":8},"end":{"line":173,"column":31},"skip":true},"16":{"start":{"line":176,"column":8},"end":{"line":176,"column":41},"skip":true},"17":{"start":{"line":177,"column":8},"end":{"line":177,"column":55},"skip":true},"18":{"start":{"line":178,"column":8},"end":{"line":178,"column":43},"skip":true},"19":{"start":{"line":179,"column":8},"end":{"line":179,"column":43},"skip":true},"20":{"start":{"line":180,"column":8},"end":{"line":180,"column":47},"skip":true},"21":{"start":{"line":181,"column":8},"end":{"line":181,"column":41},"skip":true},"22":{"start":{"line":182,"column":8},"end":{"line":182,"column":39},"skip":true},"23":{"start":{"line":183,"column":8},"end":{"line":183,"column":35},"skip":true},"24":{"start":{"line":184,"column":8},"end":{"line":184,"column":41},"skip":true},"25":{"start":{"line":185,"column":8},"end":{"line":185,"column":41},"skip":true},"26":{"start":{"line":186,"column":8},"end":{"line":186,"column":33},"skip":true},"27":{"start":{"line":187,"column":8},"end":{"line":187,"column":37},"skip":true},"28":{"start":{"line":188,"column":8},"end":{"line":188,"column":39},"skip":true},"29":{"start":{"line":189,"column":8},"end":{"line":189,"column":41},"skip":true},"30":{"start":{"line":190,"column":8},"end":{"line":190,"column":35},"skip":true},"31":{"start":{"line":191,"column":8},"end":{"line":191,"column":33},"skip":true},"32":{"start":{"line":192,"column":8},"end":{"line":192,"column":37},"skip":true},"33":{"start":{"line":193,"column":8},"end":{"line":193,"column":43},"skip":true},"34":{"start":{"line":194,"column":8},"end":{"line":194,"column":45},"skip":true},"35":{"start":{"line":195,"column":8},"end":{"line":195,"column":51},"skip":true},"36":{"start":{"line":196,"column":8},"end":{"line":196,"column":45},"skip":true},"37":{"start":{"line":197,"column":8},"end":{"line":197,"column":37},"skip":true},"38":{"start":{"line":198,"column":8},"end":{"line":198,"column":41},"skip":true},"39":{"start":{"line":199,"column":8},"end":{"line":199,"column":57},"skip":true},"40":{"start":{"line":200,"column":8},"end":{"line":200,"column":41},"skip":true},"41":{"start":{"line":201,"column":8},"end":{"line":201,"column":35},"skip":true},"42":{"start":{"line":202,"column":8},"end":{"line":202,"column":35},"skip":true},"43":{"start":{"line":203,"column":8},"end":{"line":203,"column":35},"skip":true},"44":{"start":{"line":204,"column":8},"end":{"line":204,"column":37},"skip":true},"45":{"start":{"line":205,"column":8},"end":{"line":205,"column":33},"skip":true},"46":{"start":{"line":206,"column":8},"end":{"line":206,"column":33},"skip":true},"47":{"start":{"line":207,"column":8},"end":{"line":207,"column":37},"skip":true},"48":{"start":{"line":210,"column":8},"end":{"line":210,"column":50},"skip":true},"49":{"start":{"line":211,"column":8},"end":{"line":224,"column":11},"skip":true},"50":{"start":{"line":216,"column":12},"end":{"line":216,"column":30},"skip":true},"51":{"start":{"line":217,"column":12},"end":{"line":217,"column":66},"skip":true},"52":{"start":{"line":218,"column":12},"end":{"line":223,"column":13},"skip":true},"53":{"start":{"line":219,"column":16},"end":{"line":222,"column":18},"skip":true},"54":{"start":{"line":228,"column":8},"end":{"line":231,"column":36},"skip":true},"55":{"start":{"line":234,"column":8},"end":{"line":250,"column":15},"skip":true},"56":{"start":{"line":238,"column":16},"end":{"line":249,"column":17},"skip":true},"57":{"start":{"line":240,"column":20},"end":{"line":240,"column":60},"skip":true},"58":{"start":{"line":242,"column":20},"end":{"line":242,"column":48},"skip":true},"59":{"start":{"line":244,"column":20},"end":{"line":244,"column":48},"skip":true},"60":{"start":{"line":246,"column":20},"end":{"line":246,"column":35},"skip":true},"61":{"start":{"line":248,"column":20},"end":{"line":248,"column":34},"skip":true},"62":{"start":{"line":252,"column":8},"end":{"line":254,"column":9},"skip":true},"63":{"start":{"line":253,"column":12},"end":{"line":253,"column":18},"skip":true},"64":{"start":{"line":255,"column":8},"end":{"line":257,"column":54},"skip":true},"65":{"start":{"line":258,"column":8},"end":{"line":258,"column":82},"skip":true},"66":{"start":{"line":261,"column":8},"end":{"line":263,"column":9},"skip":true},"67":{"start":{"line":262,"column":12},"end":{"line":262,"column":82},"skip":true},"68":{"start":{"line":265,"column":8},"end":{"line":267,"column":9},"skip":true},"69":{"start":{"line":266,"column":12},"end":{"line":266,"column":18},"skip":true},"70":{"start":{"line":268,"column":8},"end":{"line":268,"column":54},"skip":true},"71":{"start":{"line":269,"column":8},"end":{"line":269,"column":69},"skip":true},"72":{"start":{"line":270,"column":8},"end":{"line":278,"column":36},"skip":true},"73":{"start":{"line":271,"column":12},"end":{"line":271,"column":61},"skip":true},"74":{"start":{"line":272,"column":12},"end":{"line":275,"column":13},"skip":true},"75":{"start":{"line":273,"column":16},"end":{"line":273,"column":75},"skip":true},"76":{"start":{"line":274,"column":16},"end":{"line":274,"column":23},"skip":true},"77":{"start":{"line":276,"column":12},"end":{"line":276,"column":38},"skip":true},"78":{"start":{"line":277,"column":12},"end":{"line":277,"column":27},"skip":true},"79":{"start":{"line":279,"column":8},"end":{"line":279,"column":14},"skip":true}},"branchMap":{"1":{"line":138,"type":"binary-expr","locations":[{"start":{"line":138,"column":31},"end":{"line":138,"column":72}},{"start":{"line":139,"column":20},"end":{"line":139,"column":70}},{"start":{"line":140,"column":20},"end":{"line":140,"column":26}}]},"2":{"line":143,"type":"binary-expr","locations":[{"start":{"line":143,"column":27},"end":{"line":143,"column":39}},{"start":{"line":143,"column":43},"end":{"line":143,"column":52}}]},"3":{"line":146,"type":"cond-expr","locations":[{"start":{"line":147,"column":14},"end":{"line":147,"column":20}},{"start":{"line":148,"column":14},"end":{"line":148,"column":20}}]},"4":{"line":150,"type":"binary-expr","locations":[{"start":{"line":150,"column":16},"end":{"line":150,"column":44}},{"start":{"line":150,"column":49},"end":{"line":152,"column":43}}]},"5":{"line":150,"type":"cond-expr","locations":[{"start":{"line":151,"column":14},"end":{"line":151,"column":54}},{"start":{"line":152,"column":14},"end":{"line":152,"column":43}}]},"6":{"line":158,"type":"switch","locations":[{"start":{"line":164,"column":4},"end":{"line":165,"column":14},"skip":true},{"start":{"line":171,"column":4},"end":{"line":279,"column":14},"skip":true}]},"7":{"line":210,"type":"binary-expr","locations":[{"start":{"line":210,"column":27},"end":{"line":210,"column":43},"skip":true},{"start":{"line":210,"column":47},"end":{"line":210,"column":49},"skip":true}]},"8":{"line":217,"type":"binary-expr","locations":[{"start":{"line":217,"column":37},"end":{"line":217,"column":59},"skip":true},{"start":{"line":217,"column":63},"end":{"line":217,"column":65},"skip":true}]},"9":{"line":218,"type":"if","locations":[{"start":{"line":218,"column":12},"end":{"line":218,"column":12},"skip":true},{"start":{"line":218,"column":12},"end":{"line":218,"column":12},"skip":true}]},"10":{"line":229,"type":"binary-expr","locations":[{"start":{"line":229,"column":12},"end":{"line":229,"column":61},"skip":true},{"start":{"line":230,"column":12},"end":{"line":231,"column":35},"skip":true}]},"11":{"line":238,"type":"switch","locations":[{"start":{"line":239,"column":16},"end":{"line":240,"column":60},"skip":true},{"start":{"line":241,"column":16},"end":{"line":242,"column":48},"skip":true},{"start":{"line":243,"column":16},"end":{"line":244,"column":48},"skip":true},{"start":{"line":245,"column":16},"end":{"line":246,"column":35},"skip":true},{"start":{"line":247,"column":16},"end":{"line":248,"column":34},"skip":true}]},"12":{"line":252,"type":"if","locations":[{"start":{"line":252,"column":8},"end":{"line":252,"column":8},"skip":true},{"start":{"line":252,"column":8},"end":{"line":252,"column":8},"skip":true}]},"13":{"line":252,"type":"binary-expr","locations":[{"start":{"line":252,"column":12},"end":{"line":252,"column":35},"skip":true},{"start":{"line":252,"column":39},"end":{"line":252,"column":67},"skip":true}]},"14":{"line":256,"type":"binary-expr","locations":[{"start":{"line":256,"column":12},"end":{"line":256,"column":50},"skip":true},{"start":{"line":257,"column":12},"end":{"line":257,"column":53},"skip":true}]},"15":{"line":258,"type":"binary-expr","locations":[{"start":{"line":258,"column":43},"end":{"line":258,"column":75},"skip":true},{"start":{"line":258,"column":79},"end":{"line":258,"column":81},"skip":true}]},"16":{"line":261,"type":"if","locations":[{"start":{"line":261,"column":8},"end":{"line":261,"column":8},"skip":true},{"start":{"line":261,"column":8},"end":{"line":261,"column":8},"skip":true}]},"17":{"line":265,"type":"if","locations":[{"start":{"line":265,"column":8},"end":{"line":265,"column":8},"skip":true},{"start":{"line":265,"column":8},"end":{"line":265,"column":8},"skip":true}]},"18":{"line":268,"type":"binary-expr","locations":[{"start":{"line":268,"column":27},"end":{"line":268,"column":43},"skip":true},{"start":{"line":268,"column":47},"end":{"line":268,"column":53},"skip":true}]},"19":{"line":272,"type":"if","locations":[{"start":{"line":272,"column":12},"end":{"line":272,"column":12},"skip":true},{"start":{"line":272,"column":12},"end":{"line":272,"column":12},"skip":true}]}},"code":["","","","","","","","","","","","","","","","","","","","","","","","","","","","","","","","","","","","","","","","","","","","","","","","","","","","","","","","","","","","","","","","","","","","","","","","","","","","","","","","","","","","","","","","","","","","","","","","","","/*","example.js","","this script will run a web-demo of swgg-itunes-search","","instruction","    1. save this script as example.js","    2. run the shell command:","        $ npm install kaizhu256/node-swgg-itunes-search#alpha && PORT=8081 node example.js","    3. open a browser to http://127.0.0.1:8081 and play with the web-demo","    4. edit this script to suit your needs","*/","","","","/* istanbul instrument in package swgg_itunes_search */","/* jslint-utility2 */","/*jslint","    bitwise: true,","    browser: true,","    maxerr: 4,","    maxlen: 100,","    node: true,","    nomen: true,","    regexp: true,","    stupid: true","*/","(function () {","    'use strict';","    var local;","","","","    // run shared js-env code - init-before","    (function () {","        // init local","        local = {};","        // init modeJs","        (function () {","            try {","                local.modeJs = typeof process.versions.node === 'string' &&","                    typeof require('http').createServer === 'function' &&","                    'node';","            } catch (ignore) {","            }","            local.modeJs = local.modeJs || 'browser';","        }());","        // init global","        local.global = local.modeJs === 'browser'","            ? window","            : global;","        // re-init local","        local = local.global.utility2_rollup || (local.modeJs === 'browser'","            ? local.global.utility2_swgg_itunes_search","            : global.utility2_moduleExports);","        // init exports","        local.global.local = local;","        // init assets","        local.assetsDict['/assets.index.template.html'] = local.assetsDict['/assets.swgg.html'];","    }());","    switch (local.modeJs) {","","","","    // run browser js-env code - init-test","    /* istanbul ignore next */","    case 'browser':","        break;","","","","    // run node js-env code - init-test","    /* istanbul ignore next */","    case 'node':","        // init exports","        module.exports = local;","        // require builtins","        // local.assert = require('assert');","        local.buffer = require('buffer');","        local.child_process = require('child_process');","        local.cluster = require('cluster');","        local.console = require('console');","        local.constants = require('constants');","        local.crypto = require('crypto');","        local.dgram = require('dgram');","        local.dns = require('dns');","        local.domain = require('domain');","        local.events = require('events');","        local.fs = require('fs');","        local.http = require('http');","        local.https = require('https');","        local.module = require('module');","        local.net = require('net');","        local.os = require('os');","        local.path = require('path');","        local.process = require('process');","        local.punycode = require('punycode');","        local.querystring = require('querystring');","        local.readline = require('readline');","        local.repl = require('repl');","        local.stream = require('stream');","        local.string_decoder = require('string_decoder');","        local.timers = require('timers');","        local.tls = require('tls');","        local.tty = require('tty');","        local.url = require('url');","        local.util = require('util');","        local.v8 = require('v8');","        local.vm = require('vm');","        local.zlib = require('zlib');","        /* validateLineSortedReset */","        // init assets","        local.assetsDict = local.assetsDict || {};","        [","            'assets.index.template.html',","            'assets.swgg.swagger.json',","            'assets.swgg.swagger.server.json'","        ].forEach(function (file) {","            file = '/' + file;","            local.assetsDict[file] = local.assetsDict[file] || '';","            if (local.fs.existsSync(local.__dirname + file)) {","                local.assetsDict[file] = local.fs.readFileSync(","                    local.__dirname + file,","                    'utf8'","                );","            }","        });","        /* validateLineSortedReset */","        /* jslint-ignore-begin */","        // bug-workaround - long $npm_package_buildCustomOrg","        local.assetsDict['/assets.swgg_itunes_search.js'] =","            local.assetsDict['/assets.swgg_itunes_search.js'] ||","            local.fs.readFileSync(local.__dirname + '/lib.swgg_itunes_search.js', 'utf8'","        ).replace((/^#!\\//), '// ');","        /* jslint-ignore-end */","        /* validateLineSortedReset */","        local.assetsDict['/'] =","            local.assetsDict['/assets.example.html'] =","            local.assetsDict['/assets.index.template.html']","            .replace((/\\{\\{env\\.(\\w+?)\\}\\}/g), function (match0, match1) {","                switch (match1) {","                case 'npm_package_description':","                    return 'the greatest app in the world!';","                case 'npm_package_name':","                    return 'swgg-itunes-search';","                case 'npm_package_nameLib':","                    return 'swgg_itunes_search';","                case 'npm_package_version':","                    return '0.0.1';","                default:","                    return match0;","                }","            });","        // init cli","        if (module !== require.main || local.global.utility2_rollup) {","            break;","        }","        local.assetsDict['/assets.example.js'] =","            local.assetsDict['/assets.example.js'] ||","            local.fs.readFileSync(__filename, 'utf8');","        local.assetsDict['/favicon.ico'] = local.assetsDict['/favicon.ico'] || '';","        // if $npm_config_timeout_exit exists,","        // then exit this process after $npm_config_timeout_exit ms","        if (Number(process.env.npm_config_timeout_exit)) {","            setTimeout(process.exit, Number(process.env.npm_config_timeout_exit));","        }","        // start server","        if (local.global.utility2_serverHttp1) {","            break;","        }","        process.env.PORT = process.env.PORT || '8081';","        console.error('server starting on port ' + process.env.PORT);","        local.http.createServer(function (request, response) {","            request.urlParsed = local.url.parse(request.url);","            if (local.assetsDict[request.urlParsed.pathname] !== undefined) {","                response.end(local.assetsDict[request.urlParsed.pathname]);","                return;","            }","            response.statusCode = 404;","            response.end();","        }).listen(process.env.PORT);","        break;","    }","}());"],"l":{"125":1,"127":1,"132":1,"134":1,"136":1,"137":1,"138":1,"143":1,"146":1,"150":1,"154":1,"156":1,"158":1,"165":1,"173":1,"176":1,"177":1,"178":1,"179":1,"180":1,"181":1,"182":1,"183":1,"184":1,"185":1,"186":1,"187":1,"188":1,"189":1,"190":1,"191":1,"192":1,"193":1,"194":1,"195":1,"196":1,"197":1,"198":1,"199":1,"200":1,"201":1,"202":1,"203":1,"204":1,"205":1,"206":1,"207":1,"210":1,"211":1,"216":3,"217":3,"218":3,"219":1,"228":1,"234":1,"238":1,"240":1,"242":1,"244":1,"246":1,"248":1,"252":1,"253":1,"255":1,"258":1,"261":1,"262":1,"265":1,"266":1,"268":1,"269":1,"270":1,"271":1,"272":1,"273":1,"274":1,"276":1,"277":1,"279":1}}}